app/build/intermediates/manifest_merge_blame_file/debug/manifest-merger-blame-debug-report.txt
1<?xml version="1.0" encoding="utf-8"?>
2<manifest xmlns:android="http://schemas.android.com/apk/res/android"
3    package="com.example.moneymanager"
4    android:versionCode="1"
5    android:versionName="1.0" >
6
7    <uses-sdk
8        android:minSdkVersion="21"
8-->src\main\AndroidManifest.xml
9        android:targetSdkVersion="30" />
9-->src\main\AndroidManifest.xml
10
11    <uses-permission android:name="android.permission.READ_EXTERNAL_STORAGE" />
11-->src\main\AndroidManifest.xml:5:5-80
11-->src\main\AndroidManifest.xml:5:22-77
12    <uses-permission android:name="android.permission.WRITE_EXTERNAL_STORAGE" />
12-->src\main\AndroidManifest.xml:6:5-81
12-->src\main\AndroidManifest.xml:6:22-78
13
14    <application
14-->src\main\AndroidManifest.xml:8:5-26:19
15        android:allowBackup="true"
15-->src\main\AndroidManifest.xml:9:9-35
16        android:appComponentFactory="androidx.core.app.CoreComponentFactory"
16-->[androidx.core:core:1.3.1] AndroidManifest.xml:24:18-86
17        android:debuggable="true"
18        android:icon="@drawable/receipt_4"
18-->src\main\AndroidManifest.xml:10:9-43
19        android:label="@string/app_name"
19-->src\main\AndroidManifest.xml:11:9-41
20        android:roundIcon="@drawable/receipt_4"
20-->src\main\AndroidManifest.xml:12:9-48
21        android:supportsRtl="true"
21-->src\main\AndroidManifest.xml:13:9-35
22        android:theme="@style/AppTheme" >
22-->src\main\AndroidManifest.xml:14:9-40
23        <activity android:name="com.example.moneymanager.mainActivity.MainActivity" >
23-->src\main\AndroidManifest.xml:15:9-21:20
23-->src\main\AndroidManifest.xml:15:19-60
24            <intent-filter>
24-->src\main\AndroidManifest.xml:16:13-20:29
25                <action android:name="android.intent.action.MAIN" />
25-->src\main\AndroidManifest.xml:17:17-69
25-->src\main\AndroidManifest.xml:17:25-66
26
27                <category android:name="android.intent.category.LAUNCHER" />
27-->src\main\AndroidManifest.xml:19:17-77
27-->src\main\AndroidManifest.xml:19:27-74
28            </intent-filter>
29        </activity>
30
31        <meta-data
31-->src\main\AndroidManifest.xml:23:9-25:35
32            android:name="com.google.mlkit.vision.DEPENDENCIES"
32-->src\main\AndroidManifest.xml:24:13-64
33            android:value="ocr" />
33-->src\main\AndroidManifest.xml:25:13-32
34
35        <service
35-->[com.google.android.gms:play-services-mlkit-text-recognition:16.1.1] AndroidManifest.xml:9:9-15:19
36            android:name="com.google.mlkit.common.internal.MlKitComponentDiscoveryService"
36-->[com.google.android.gms:play-services-mlkit-text-recognition:16.1.1] AndroidManifest.xml:10:13-91
37            android:directBootAware="true"
37-->[com.google.mlkit:common:17.0.0] AndroidManifest.xml:17:13-43
38            android:exported="false" >
38-->[com.google.android.gms:play-services-mlkit-text-recognition:16.1.1] AndroidManifest.xml:11:13-37
39            <meta-data
39-->[com.google.android.gms:play-services-mlkit-text-recognition:16.1.1] AndroidManifest.xml:12:13-14:85
40                android:name="com.google.firebase.components:com.google.mlkit.vision.text.internal.TextRegistrar"
40-->[com.google.android.gms:play-services-mlkit-text-recognition:16.1.1] AndroidManifest.xml:13:17-114
41                android:value="com.google.firebase.components.ComponentRegistrar" />
41-->[com.google.android.gms:play-services-mlkit-text-recognition:16.1.1] AndroidManifest.xml:14:17-82
42            <meta-data
42-->[com.google.mlkit:vision-common:16.1.0] AndroidManifest.xml:12:13-14:85
43                android:name="com.google.firebase.components:com.google.mlkit.vision.common.internal.VisionCommonRegistrar"
43-->[com.google.mlkit:vision-common:16.1.0] AndroidManifest.xml:13:17-124
44                android:value="com.google.firebase.components.ComponentRegistrar" />
44-->[com.google.mlkit:vision-common:16.1.0] AndroidManifest.xml:14:17-82
45            <meta-data
45-->[com.google.mlkit:common:17.0.0] AndroidManifest.xml:20:13-22:85
46                android:name="com.google.firebase.components:com.google.mlkit.common.internal.CommonComponentRegistrar"
46-->[com.google.mlkit:common:17.0.0] AndroidManifest.xml:21:17-120
47                android:value="com.google.firebase.components.ComponentRegistrar" />
47-->[com.google.mlkit:common:17.0.0] AndroidManifest.xml:22:17-82
48        </service>
49
50        <provider
50-->[com.google.mlkit:common:17.0.0] AndroidManifest.xml:9:9-13:38
51            android:name="com.google.mlkit.common.internal.MlKitInitProvider"
51-->[com.google.mlkit:common:17.0.0] AndroidManifest.xml:10:13-78
52            android:authorities="com.example.moneymanager.mlkitinitprovider"
52-->[com.google.mlkit:common:17.0.0] AndroidManifest.xml:11:13-69
53            android:exported="false"
53-->[com.google.mlkit:common:17.0.0] AndroidManifest.xml:12:13-37
54            android:initOrder="99" />
54-->[com.google.mlkit:common:17.0.0] AndroidManifest.xml:13:13-35
55
56        <activity
56-->[com.google.android.gms:play-services-base:17.0.0] AndroidManifest.xml:23:9-26:75
57            android:name="com.google.android.gms.common.api.GoogleApiActivity"
57-->[com.google.android.gms:play-services-base:17.0.0] AndroidManifest.xml:24:13-79
58            android:exported="false"
58-->[com.google.android.gms:play-services-base:17.0.0] AndroidManifest.xml:25:13-37
59            android:theme="@android:style/Theme.Translucent.NoTitleBar" />
59-->[com.google.android.gms:play-services-base:17.0.0] AndroidManifest.xml:26:13-72
60
61        <meta-data
61-->[com.google.android.gms:play-services-basement:17.0.0] AndroidManifest.xml:23:9-25:69
62            android:name="com.google.android.gms.version"
62-->[com.google.android.gms:play-services-basement:17.0.0] AndroidManifest.xml:24:13-58
63            android:value="@integer/google_play_services_version" />
63-->[com.google.android.gms:play-services-basement:17.0.0] AndroidManifest.xml:25:13-66
64    </application>
65
66</manifest>